\BOOKMARK [1][-]{section.1}{\376\377\000I\000n\000t\000r\000o\000d\000u\000c\000t\000i\000o\000n\000\040\000e\000t\000\040\000m\000o\000t\000i\000v\000a\000t\000i\000o\000n\000s}{}% 1
\BOOKMARK [2][-]{subsection.1.1}{\376\377\000P\000r\000o\000b\000l\000\351\000m\000a\000t\000i\000q\000u\000e}{section.1}% 2
\BOOKMARK [2][-]{subsection.1.2}{\376\377\000O\000b\000j\000e\000c\000t\000i\000f}{section.1}% 3
\BOOKMARK [2][-]{subsection.1.3}{\376\377\000P\000l\000a\000n\000\040\000d\000e\000\040\000l\000'\000e\000x\000p\000o\000s\000\351}{section.1}% 4
\BOOKMARK [1][-]{section.2}{\376\377\000E\000n\000o\000n\000c\000\351\000\040\000d\000u\000\040\000T\000h\000\351\000o\000r\000\350\000m\000e\000\040\000\253\000\040\000N\000o\000u\000s\000\040\000n\000e\000\040\000s\000o\000m\000m\000e\000s\000\040\000q\000u\000'\000u\000n\000\040\000\273}{}% 5
\BOOKMARK [1][-]{section.3}{\376\377\000L\000'\000\351\000q\000u\000a\000t\000i\000o\000n\000\040\000u\000n\000i\000f\000i\000\351\000e\000\040\000U}{}% 6
\BOOKMARK [2][-]{subsection.3.1}{\376\377\000E\000x\000p\000r\000e\000s\000s\000i\000o\000n\000\040\000c\000a\000n\000o\000n\000i\000q\000u\000e}{section.3}% 7
\BOOKMARK [1][-]{section.4}{\376\377\000C\000h\000r\000o\000n\000o\000l\000o\000g\000i\000e\000\040\000d\000e\000\040\000l\000'\000U\000n\000i\000v\000e\000r\000s\000\040\000:\000\040\000d\000e\000\040\000l\000'\000U\000n\000i\000t\000\351\000\040\000\340\000\040\000l\000a\000\040\000D\000\351\000s\000u\000n\000i\000f\000i\000c\000a\000t\000i\000o\000n}{}% 8
\BOOKMARK [2][-]{subsection.4.1}{\376\377\000\311\000c\000h\000e\000l\000l\000e\000\040\000d\000e\000\040\000P\000l\000a\000n\000c\000k\000\040\000\050\000t\000\040\0001\0000\000-\0004\0003\000s\000,\000\040\000E\000\040\0001\0000\0001\0009\000G\000e\000V\000\051}{section.4}% 9
\BOOKMARK [2][-]{subsection.4.2}{\376\377\000P\000h\000a\000s\000e\000\040\000d\000'\000i\000n\000f\000l\000a\000t\000i\000o\000n\000\040\000\050\000h\000y\000p\000o\000t\000h\000\351\000t\000i\000q\000u\000e\000,\000\040\000t\000\040\0001\0000\000-\0003\0006\000\040\0001\0000\000-\0003\0002\000s\000\051}{section.4}% 10
\BOOKMARK [2][-]{subsection.4.3}{\376\377\000\311\000c\000h\000e\000l\000l\000e\000\040\000G\000U\000T\000\040\000\050\000E\000\040\0001\0000\0001\0005\000-\0001\0006\000G\000e\000V\000\051}{section.4}% 11
\BOOKMARK [2][-]{subsection.4.4}{\376\377\000\311\000c\000h\000e\000l\000l\000e\000\040\000\351\000l\000e\000c\000t\000r\000o\000f\000a\000i\000b\000l\000e\000\040\000\050\0001\0000\0002\000G\000e\000V\000\051}{section.4}% 12
\BOOKMARK [2][-]{subsection.4.5}{\376\377\000N\000u\000c\000l\000\351\000o\000s\000y\000n\000t\000h\000\350\000s\000e\000\040\000p\000r\000i\000m\000o\000r\000d\000i\000a\000l\000e\000\040\000\050\000t\000\040\0001\000\040\0003\000m\000i\000n\000,\000\040\000T\000\040\0001\000\040\0000\000.\0001\000M\000e\000V\000\051}{section.4}% 13
\BOOKMARK [2][-]{subsection.4.6}{\376\377\000R\000e\000c\000o\000m\000b\000i\000n\000a\000i\000s\000o\000n\000\040\000\050\000t\000\040\0003\0008\0000\0000\0000\0000\000a\000n\000s\000,\000\040\000T\000\040\0000\000.\0003\000e\000V\000\051}{section.4}% 14
\BOOKMARK [2][-]{subsection.4.7}{\376\377\000F\000o\000r\000m\000a\000t\000i\000o\000n\000\040\000d\000e\000s\000\040\000s\000t\000r\000u\000c\000t\000u\000r\000e\000s\000\040\000e\000t\000\040\000a\000p\000p\000a\000r\000i\000t\000i\000o\000n\000\040\000d\000e\000\040\000l\000a\000\040\000v\000i\000e}{section.4}% 15
\BOOKMARK [1][-]{section.5}{\376\377\000I\000n\000d\000i\000c\000e\000s\000\040\000o\000b\000s\000e\000r\000v\000a\000t\000i\000o\000n\000n\000e\000l\000s\000\040\000e\000t\000\040\000v\000a\000l\000i\000d\000a\000t\000i\000o\000n\000s\000\040\000p\000a\000r\000t\000i\000e\000l\000l\000e\000s}{}% 16
\BOOKMARK [2][-]{subsection.5.1}{\376\377\000B\000r\000i\000s\000u\000r\000e\000\040\000\351\000l\000e\000c\000t\000r\000o\000f\000a\000i\000b\000l\000e\000\040\000c\000o\000n\000f\000i\000r\000m\000\351\000e}{section.5}% 17
\BOOKMARK [2][-]{subsection.5.2}{\376\377\000\311\000v\000o\000l\000u\000t\000i\000o\000n\000\040\000d\000e\000s\000\040\000c\000o\000n\000s\000t\000a\000n\000t\000e\000s\000\040\000d\000e\000\040\000c\000o\000u\000p\000l\000a\000g\000e\000\040\000\253\000\040\000c\000o\000u\000p\000l\000a\000g\000e\000s\000\040\000r\000u\000n\000n\000i\000n\000g\000\040\000\273}{section.5}% 18
\BOOKMARK [2][-]{subsection.5.3}{\376\377\000P\000a\000s\000\040\000d\000e\000\040\000p\000r\000e\000u\000v\000e\000\040\000d\000i\000r\000e\000c\000t\000e\000\040\000d\000e\000\040\000l\000a\000\040\000G\000U\000T\000\040\000/\000\040\000g\000r\000a\000v\000i\000t\000\351\000\040\000q\000u\000a\000n\000t\000i\000q\000u\000e}{section.5}% 19
\BOOKMARK [1][-]{section.6}{\376\377\000D\000i\000s\000c\000u\000s\000s\000i\000o\000n\000\040\000e\000t\000\040\000c\000o\000n\000c\000l\000u\000s\000i\000o\000n}{}% 20
\BOOKMARK [2][-]{subsection.6.1}{\376\377\000V\000e\000r\000s\000\040\000l\000a\000\040\000c\000o\000m\000p\000l\000\351\000t\000u\000d\000e\000\040\000d\000u\000\040\000T\000h\000\351\000o\000r\000\350\000m\000e}{section.6}% 21
\BOOKMARK [2][-]{subsection.6.2}{\376\377\000\253\000\040\000N\000o\000u\000s\000\040\000n\000e\000\040\000s\000o\000m\000m\000e\000s\000\040\000q\000u\000'\000u\000n\000\040\000\273\000:\000\040\000l\000a\000\040\000r\000\351\000a\000l\000i\000t\000\351\000\040\000d\000'\000u\000n\000e\000\040\000r\000a\000c\000i\000n\000e\000\040\000c\000o\000m\000m\000u\000n\000e}{section.6}% 22
\BOOKMARK [1][-]{section.7}{\376\377\000R\000\351\000c\000a\000p\000i\000t\000u\000l\000a\000t\000i\000o\000n\000\040\000d\000u\000\040\000T\000h\000\351\000o\000r\000\350\000m\000e\000\040\000d\000u\000\040\000T\000o\000u\000t}{}% 23
