\BOOKMARK [1][-]{section.1}{\376\377\000I\000n\000t\000r\000o\000d\000u\000c\000t\000i\000o\000n}{}% 1
\BOOKMARK [1][-]{section.2}{\376\377\000T\000e\000r\000m\000e\000s\000\040\000d\000e\000\040\000l\000'\000A\000c\000t\000i\000o\000n\000\040\000:\000\040\000A\000n\000a\000l\000y\000s\000e\000\040\000d\000\351\000t\000a\000i\000l\000l\000\351\000e}{}% 2
\BOOKMARK [2][-]{subsection.2.1}{\376\377\000\050\0001\000\051\000\040\000L\000a\000\040\000m\000e\000s\000u\000r\000e\000\040\000d\040\031\000i\000n\000t\000\351\000g\000r\000a\000t\000i\000o\000n\000\040\000:\000\040\000d\0004\000\040\000x\000\040\000-\000g}{section.2}% 3
\BOOKMARK [2][-]{subsection.2.2}{\376\377\000\050\0002\000\051\000\040\0001\0002\0002\000R\000\050\000g\000\051\000\040\000:\000\040\000l\000e\000\040\000t\000e\000r\000m\000e\000\040\000g\000r\000a\000v\000i\000t\000a\000t\000i\000o\000n\000n\000e\000l}{section.2}% 4
\BOOKMARK [2][-]{subsection.2.3}{\376\377\000\050\0003\000\051\000\040\000-\000\040\000:\000\040\000l\000a\000\040\000c\000o\000n\000s\000t\000a\000n\000t\000e\000\040\000c\000o\000s\000m\000o\000l\000o\000g\000i\000q\000u\000e}{section.2}% 5
\BOOKMARK [2][-]{subsection.2.4}{\376\377\000\050\0004\000\051\000\040\000-\000\040\0001\000i\000n\0001\0004\000F\000A\000F\000A\000\040\000:\000\040\000c\000h\000a\000m\000p\000\040\000d\000e\000\040\000j\000a\000u\000g\000e}{section.2}% 6
\BOOKMARK [2][-]{subsection.2.5}{\376\377\000\050\0005\000\051\000\040\000\050\000t\000o\000.\000i\000D\000\051\000t\000o\000.\000\040\000:\000\040\000l\000a\000\040\000m\000a\000t\000i\000\350\000r\000e\000\040\000\050\000f\000e\000r\000m\000i\000o\000n\000s\000\051}{section.2}% 7
\BOOKMARK [2][-]{subsection.2.6}{\376\377\000\050\0006\000\051\000\040\000|\000D\000|\0002\000\040\000:\000\040\000t\000e\000r\000m\000e\000\040\000c\000i\000n\000\351\000t\000i\000q\000u\000e\000\040\000d\000u\000\040\000c\000h\000a\000m\000p\000\040\000s\000c\000a\000l\000a\000i\000r\000e\000\040\000\050\000H\000i\000g\000g\000s\000\051}{section.2}% 8
\BOOKMARK [2][-]{subsection.2.7}{\376\377\000\050\0007\000\051\000\040\000-\000V\000\050\000\051\000\040\000:\000\040\000p\000o\000t\000e\000n\000t\000i\000e\000l\000\040\000d\000u\000\040\000s\000c\000a\000l\000a\000i\000r\000e\000\040\000\050\000b\000r\000i\000s\000u\000r\000e\000\040\000d\000e\000\040\000s\000y\000m\000\351\000t\000r\000i\000e\000\051}{section.2}% 9
\BOOKMARK [2][-]{subsection.2.8}{\376\377\000\050\0008\000\051\000\040\000Y\000u\000k\000a\000w\000a\000\040\000:\000\040\000c\000o\000u\000p\000l\000a\000g\000e\000s\000\040\000f\000e\000r\000m\000i\000o\000n\000s\040\023\000H\000i\000g\000g\000s}{section.2}% 10
\BOOKMARK [2][-]{subsection.2.9}{\376\377\000\050\0009\000\051\000\040\000\@let@token \000\040\000e\000t\000\040\000S\000c\000o\000r\000r\000e\000c\000t\000i\000o\000n\000s}{section.2}% 11
\BOOKMARK [1][-]{section.3}{\376\377\000V\000a\000r\000i\000a\000t\000i\000o\000n\000\040\000d\000e\000\040\000l\000'\000A\000c\000t\000i\000o\000n\000\040\000:\000\040\000U\000\040\000=\000\040\0000}{}% 12
\BOOKMARK [1][-]{section.4}{\376\377\000D\000u\000\040\000S\000t\000a\000d\000e\000\040\000U\000n\000i\000f\000i\000\351\000\040\000\340\000\040\000l\000a\000\040\000D\000\351\000s\000u\000n\000i\000f\000i\000c\000a\000t\000i\000o\000n\000\040\000:}{}% 13
\BOOKMARK [2][-]{subsection.4.1}{\376\377\000\050\0001\0001\000.\0001\000\051\000\040\000\300\000\040\000h\000a\000u\000t\000e\000\040\000\351\000n\000e\000r\000g\000i\000e}{section.4}% 14
\BOOKMARK [2][-]{subsection.4.2}{\376\377\000\050\0001\0001\000.\0002\000\051\000\040\000R\000e\000f\000r\000o\000i\000d\000i\000s\000s\000e\000m\000e\000n\000t\000\040\000c\000o\000s\000m\000i\000q\000u\000e}{section.4}% 15
\BOOKMARK [2][-]{subsection.4.3}{\376\377\000\050\0001\0001\000.\0003\000\051\000\040\000\311\000t\000a\000t\000\040\000a\000c\000t\000u\000e\000l}{section.4}% 16
\BOOKMARK [1][-]{section.5}{\376\377\000C\000o\000n\000c\000l\000u\000s\000i\000o\000n\000\040\000:\000\040\000P\000o\000u\000r\000q\000u\000o\000i\000\040\000c\000e\000t\000t\000e\000\040\000a\000c\000t\000i\000o\000n\000\040\000i\000l\000l\000u\000s\000t\000r\000e\000\040\000\253\000\040\000N\000o\000u\000s\000\040\000n\000e\000\040\000s\000o\000m\000m\000e\000s\000\040\000q\000u\000'\000u\000n\000\040\000\273}{}% 17
\BOOKMARK [2][-]{subsection.5.1}{\376\377\000U\000n\000i\000t\000y\000\040\000\340\000\040\000h\000a\000u\000t\000e\000\040\000\351\000n\000e\000r\000g\000i\000e}{section.5}% 18
\BOOKMARK [2][-]{subsection.5.2}{\376\377\000D\000i\000f\000f\000\351\000r\000e\000n\000c\000i\000a\000t\000i\000o\000n\000\040\000\340\000\040\000b\000a\000s\000s\000e\000\040\000\351\000n\000e\000r\000g\000i\000e}{section.5}% 19
\BOOKMARK [2][-]{subsection.5.3}{\376\377\000\311\000v\000o\000l\000u\000t\000i\000o\000n\000\040\000c\000o\000s\000m\000i\000q\000u\000e\000\040\000u\000n\000i\000f\000i\000a\000n\000t\000e}{section.5}% 20
